<?xml version="1.0" encoding="UTF-8"?>
<!-- Generated by org.testng.reporters.JUnitReportReporter -->
<testsuite hostname="SUPREME" failures="0" tests="1" name="project.amazonTest" time="3.347" errors="0" timestamp="2023-12-20T15:07:46 IST" skipped="0">
  <testcase classname="project.amazonTest" name="testcase2" time="3.347"/>
  <system-out/>
</testsuite> <!-- project.amazonTest -->
