<?xml version="1.0" encoding="UTF-8"?>
<!-- Generated by org.testng.reporters.JUnitReportReporter -->
<testsuite hostname="SUPREME" failures="0" tests="1" name="Test_Script.registerTest" time="3.254" errors="0" timestamp="2023-12-23T09:31:31 IST" skipped="0">
  <testcase classname="Test_Script.registerTest" name="testcase" time="3.254"/>
  <system-out/>
</testsuite> <!-- Test_Script.registerTest -->
