<?xml version="1.0" encoding="UTF-8"?>
<!-- Generated by org.testng.reporters.JUnitReportReporter -->
<testsuite hostname="SUPREME" failures="0" tests="4" name="project.sampleTest" time="12.110" errors="0" timestamp="2023-12-20T15:08:55 IST" skipped="0">
  <testcase classname="project.sampleTest" name="testcase3" time="3.130"/>
  <system-out/>
  <testcase classname="project.sampleTest" name="testcase2" time="2.918"/>
  <system-out/>
  <testcase classname="project.sampleTest" name="testcase1" time="6.056"/>
  <system-out/>
  <testcase classname="project.sampleTest" name="testcase" time="0.006"/>
  <system-out>
    <![CDATA[Hellooooo world]]>
  </system-out>
</testsuite> <!-- project.sampleTest -->
