<?xml version="1.0" encoding="UTF-8"?>
<!-- Generated by org.testng.reporters.JUnitReportReporter -->
<testsuite hostname="SUPREME" failures="0" tests="1" name="ExtentReport.program" time="11.803" errors="0" timestamp="2023-12-23T14:35:22 IST" skipped="0">
  <testcase classname="ExtentReport.program" name="report" time="11.803"/>
  <system-out/>
</testsuite> <!-- ExtentReport.program -->
